<?xml version="1.0" encoding="UTF-8"?>
<testsuite name="com.example.Tests" tests="2" skipped="0" failures="0" errors="0" timestamp="2020-12-21T20:33:26" hostname="piotr-X556UQK" time="0.126">
  <properties/>
  <testcase name="testReplyToRegistrationRequests" classname="com.example.Tests" time="0.024"/>
  <testcase name="testIgnoreWrongRegistrationRequests" classname="com.example.Tests" time="0.102"/>
  <system-out><![CDATA[[2020-12-21 21:33:26,345] [INFO] [akka.event.slf4j.Slf4jLogger] [Tests-akka.actor.default-dispatcher-3] [] - Slf4jLogger started
[2020-12-21 21:33:26,383] [INFO] [com.example.DeviceGroup] [Tests-akka.actor.default-dispatcher-6] [akka://Tests/user/$a] - DeviceGroup group started
[2020-12-21 21:33:26,384] [INFO] [com.example.DeviceGroup] [Tests-akka.actor.default-dispatcher-6] [akka://Tests/user/$a] - Creating device actor for device
[2020-12-21 21:33:26,388] [INFO] [com.example.Device] [Tests-akka.actor.default-dispatcher-3] [akka://Tests/user/$a/device-device] - Device actor group-device started
[2020-12-21 21:33:26,389] [INFO] [com.example.DeviceGroup] [Tests-akka.actor.default-dispatcher-3] [akka://Tests/user/$a] - Creating device actor for device3
[2020-12-21 21:33:26,390] [INFO] [com.example.Device] [Tests-akka.actor.default-dispatcher-6] [akka://Tests/user/$a/device-device3] - Device actor group-device3 started
[2020-12-21 21:33:26,394] [INFO] [com.example.Device] [Tests-akka.actor.default-dispatcher-6] [akka://Tests/user/$a/device-device] - Recorded temperature reading 1.0 with 0
[2020-12-21 21:33:26,400] [INFO] [com.example.Device] [Tests-akka.actor.default-dispatcher-7] [akka://Tests/user/$a/device-device3] - Recorded temperature reading 2.0 with 1
[2020-12-21 21:33:26,402] [INFO] [com.example.DeviceGroup] [Tests-akka.actor.default-dispatcher-7] [akka://Tests/user/$b] - DeviceGroup group started
[2020-12-21 21:33:26,402] [WARN] [com.example.DeviceGroup] [Tests-akka.actor.default-dispatcher-7] [akka://Tests/user/$b] - Ignoring TrackDevice request for group. This actor is responsible for group.
[2020-12-21 21:33:26,509] [INFO] [com.example.Device] [Tests-akka.actor.default-dispatcher-10] [akka://Tests/user/$a/device-device] - Device actor group-device stopped
[2020-12-21 21:33:26,511] [INFO] [com.example.Device] [Tests-akka.actor.default-dispatcher-11] [akka://Tests/user/$a/device-device3] - Device actor group-device3 stopped
]]></system-out>
  <system-err><![CDATA[]]></system-err>
</testsuite>
